<?xml version="1.0" encoding="UTF-8"?>
<!-- Generated by org.testng.reporters.JUnitReportReporter -->
<testsuite hostname="DESKTOP-U4CTL14" failures="0" tests="1" name="HandliningMultipleTabs.TwoTabHandling" time="64.499" errors="0" timestamp="2023-08-27T13:23:08 IST" skipped="0">
  <testcase classname="HandliningMultipleTabs.TwoTabHandling" name="handlingtab" time="64.499"/>
  <system-out/>
</testsuite> <!-- HandliningMultipleTabs.TwoTabHandling -->
